TORCH DEVICE cuda
N CPUS 72
CWD : /tmpdir/delatorr/dev/PCAM
Metrics file: cnn_metrics_gray.csv
WILL READ VAL DATA
WILL READ TRAIN DATA
TRAIN DATASET SIZE : 262144
VAL DATASET SIZE : 32768
normalization mean: [0.6044259071350098] | std: [0.25258591771125793]
Model TRAIN begin ...
Epoch [0/100], Training Loss: 0.6888, Training Accuracy: 0.5369
Epoch [0/100], Validation Loss: 0.6896, Validation Accuracy: 0.5290
Epoch [1/100], Training Loss: 0.4883, Training Accuracy: 0.7746
Checkpoint saved at epoch 1 to DLmodels/checkpoint_gray_1.pth
Epoch [1/100], Validation Loss: 0.4829, Validation Accuracy: 0.7569
Epoch [2/100], Training Loss: 0.4627, Training Accuracy: 0.7890
Checkpoint saved at epoch 2 to DLmodels/checkpoint_gray_2.pth
Epoch [2/100], Validation Loss: 0.4750, Validation Accuracy: 0.7628
Epoch [3/100], Training Loss: 0.4546, Training Accuracy: 0.7922
Checkpoint saved at epoch 3 to DLmodels/checkpoint_gray_3.pth
Epoch [3/100], Validation Loss: 0.4608, Validation Accuracy: 0.7734
Epoch [4/100], Training Loss: 0.4490, Training Accuracy: 0.7944
Checkpoint saved at epoch 4 to DLmodels/checkpoint_gray_4.pth
Epoch [4/100], Validation Loss: 0.4550, Validation Accuracy: 0.7784
Epoch [5/100], Training Loss: 0.4447, Training Accuracy: 0.7968
Checkpoint saved at epoch 5 to DLmodels/checkpoint_gray_5.pth
Epoch [5/100], Validation Loss: 0.4578, Validation Accuracy: 0.7745
Epoch [6/100], Training Loss: 0.4398, Training Accuracy: 0.7999
Checkpoint saved at epoch 6 to DLmodels/checkpoint_gray_6.pth
Epoch [6/100], Validation Loss: 0.4496, Validation Accuracy: 0.7799
Epoch [7/100], Training Loss: 0.4368, Training Accuracy: 0.8016
Checkpoint saved at epoch 7 to DLmodels/checkpoint_gray_7.pth
Epoch [7/100], Validation Loss: 0.4463, Validation Accuracy: 0.7821
Epoch [8/100], Training Loss: 0.4331, Training Accuracy: 0.8042
Checkpoint saved at epoch 8 to DLmodels/checkpoint_gray_8.pth
Epoch [8/100], Validation Loss: 0.4568, Validation Accuracy: 0.7719
Epoch [9/100], Training Loss: 0.4296, Training Accuracy: 0.8060
Checkpoint saved at epoch 9 to DLmodels/checkpoint_gray_9.pth
Epoch [9/100], Validation Loss: 0.4429, Validation Accuracy: 0.7915
Epoch [10/100], Training Loss: 0.4257, Training Accuracy: 0.8089
Checkpoint saved at epoch 10 to DLmodels/checkpoint_gray_10.pth
Epoch [10/100], Validation Loss: 0.4486, Validation Accuracy: 0.7794
Epoch [11/100], Training Loss: 0.4225, Training Accuracy: 0.8107
Checkpoint saved at epoch 11 to DLmodels/checkpoint_gray_11.pth
Epoch [11/100], Validation Loss: 0.4389, Validation Accuracy: 0.7895
Epoch [12/100], Training Loss: 0.4197, Training Accuracy: 0.8130
Checkpoint saved at epoch 12 to DLmodels/checkpoint_gray_12.pth
Epoch [12/100], Validation Loss: 0.4494, Validation Accuracy: 0.7805
Epoch [13/100], Training Loss: 0.4167, Training Accuracy: 0.8148
Checkpoint saved at epoch 13 to DLmodels/checkpoint_gray_13.pth
Epoch [13/100], Validation Loss: 0.4373, Validation Accuracy: 0.7953
Epoch [14/100], Training Loss: 0.4138, Training Accuracy: 0.8169
Checkpoint saved at epoch 14 to DLmodels/checkpoint_gray_14.pth
Epoch [14/100], Validation Loss: 0.4304, Validation Accuracy: 0.7929
Epoch [15/100], Training Loss: 0.4110, Training Accuracy: 0.8180
Checkpoint saved at epoch 15 to DLmodels/checkpoint_gray_15.pth
Epoch [15/100], Validation Loss: 0.4462, Validation Accuracy: 0.7871
Epoch [16/100], Training Loss: 0.4084, Training Accuracy: 0.8194
Checkpoint saved at epoch 16 to DLmodels/checkpoint_gray_16.pth
Epoch [16/100], Validation Loss: 0.4309, Validation Accuracy: 0.7968
Epoch [17/100], Training Loss: 0.4049, Training Accuracy: 0.8212
Checkpoint saved at epoch 17 to DLmodels/checkpoint_gray_17.pth
Epoch [17/100], Validation Loss: 0.4225, Validation Accuracy: 0.7985
Epoch [18/100], Training Loss: 0.4026, Training Accuracy: 0.8227
Checkpoint saved at epoch 18 to DLmodels/checkpoint_gray_18.pth
Epoch [18/100], Validation Loss: 0.4470, Validation Accuracy: 0.7837
Epoch [19/100], Training Loss: 0.3999, Training Accuracy: 0.8241
Checkpoint saved at epoch 19 to DLmodels/checkpoint_gray_19.pth
Epoch [19/100], Validation Loss: 0.4211, Validation Accuracy: 0.8039
Epoch [20/100], Training Loss: 0.3986, Training Accuracy: 0.8252
Checkpoint saved at epoch 20 to DLmodels/checkpoint_gray_20.pth
Epoch [20/100], Validation Loss: 0.4262, Validation Accuracy: 0.7999
Epoch [21/100], Training Loss: 0.3956, Training Accuracy: 0.8273
Checkpoint saved at epoch 21 to DLmodels/checkpoint_gray_21.pth
Epoch [21/100], Validation Loss: 0.4324, Validation Accuracy: 0.7960
Epoch [22/100], Training Loss: 0.3933, Training Accuracy: 0.8278
Checkpoint saved at epoch 22 to DLmodels/checkpoint_gray_22.pth
Epoch [22/100], Validation Loss: 0.4259, Validation Accuracy: 0.7971
Epoch [23/100], Training Loss: 0.3903, Training Accuracy: 0.8296
Checkpoint saved at epoch 23 to DLmodels/checkpoint_gray_23.pth
Epoch [23/100], Validation Loss: 0.4267, Validation Accuracy: 0.7999
Epoch [24/100], Training Loss: 0.3887, Training Accuracy: 0.8303
Checkpoint saved at epoch 24 to DLmodels/checkpoint_gray_24.pth
Epoch [24/100], Validation Loss: 0.4371, Validation Accuracy: 0.7967
Epoch [25/100], Training Loss: 0.3860, Training Accuracy: 0.8317
Checkpoint saved at epoch 25 to DLmodels/checkpoint_gray_25.pth
Epoch [25/100], Validation Loss: 0.4253, Validation Accuracy: 0.8022
Epoch [26/100], Training Loss: 0.3841, Training Accuracy: 0.8333
Checkpoint saved at epoch 26 to DLmodels/checkpoint_gray_26.pth
Epoch [26/100], Validation Loss: 0.4193, Validation Accuracy: 0.8047
Epoch [27/100], Training Loss: 0.3819, Training Accuracy: 0.8345
Checkpoint saved at epoch 27 to DLmodels/checkpoint_gray_27.pth
Epoch [27/100], Validation Loss: 0.4252, Validation Accuracy: 0.7998
Epoch [28/100], Training Loss: 0.3795, Training Accuracy: 0.8356
Checkpoint saved at epoch 28 to DLmodels/checkpoint_gray_28.pth
Epoch [28/100], Validation Loss: 0.4197, Validation Accuracy: 0.8027
Epoch [29/100], Training Loss: 0.3775, Training Accuracy: 0.8364
Checkpoint saved at epoch 29 to DLmodels/checkpoint_gray_29.pth
Epoch [29/100], Validation Loss: 0.4158, Validation Accuracy: 0.8068
Epoch [30/100], Training Loss: 0.3765, Training Accuracy: 0.8372
Checkpoint saved at epoch 30 to DLmodels/checkpoint_gray_30.pth
Epoch [30/100], Validation Loss: 0.4414, Validation Accuracy: 0.7974
Epoch [31/100], Training Loss: 0.3736, Training Accuracy: 0.8387
Checkpoint saved at epoch 31 to DLmodels/checkpoint_gray_31.pth
Epoch [31/100], Validation Loss: 0.4314, Validation Accuracy: 0.8001
Epoch [32/100], Training Loss: 0.3715, Training Accuracy: 0.8393
Checkpoint saved at epoch 32 to DLmodels/checkpoint_gray_32.pth
Epoch [32/100], Validation Loss: 0.4574, Validation Accuracy: 0.7886
Epoch [33/100], Training Loss: 0.3703, Training Accuracy: 0.8404
Checkpoint saved at epoch 33 to DLmodels/checkpoint_gray_33.pth
Epoch [33/100], Validation Loss: 0.4224, Validation Accuracy: 0.8056
Epoch [34/100], Training Loss: 0.3679, Training Accuracy: 0.8421
Checkpoint saved at epoch 34 to DLmodels/checkpoint_gray_34.pth
Epoch [34/100], Validation Loss: 0.4201, Validation Accuracy: 0.8080
Epoch [35/100], Training Loss: 0.3651, Training Accuracy: 0.8431
Checkpoint saved at epoch 35 to DLmodels/checkpoint_gray_35.pth
Epoch [35/100], Validation Loss: 0.4453, Validation Accuracy: 0.7985
Epoch [36/100], Training Loss: 0.3635, Training Accuracy: 0.8432
Checkpoint saved at epoch 36 to DLmodels/checkpoint_gray_36.pth
Epoch [36/100], Validation Loss: 0.4213, Validation Accuracy: 0.8083
Epoch [37/100], Training Loss: 0.3620, Training Accuracy: 0.8447
Checkpoint saved at epoch 37 to DLmodels/checkpoint_gray_37.pth
Epoch [37/100], Validation Loss: 0.4153, Validation Accuracy: 0.8123
Epoch [38/100], Training Loss: 0.3597, Training Accuracy: 0.8459
Checkpoint saved at epoch 38 to DLmodels/checkpoint_gray_38.pth
Epoch [38/100], Validation Loss: 0.4116, Validation Accuracy: 0.8120
Epoch [39/100], Training Loss: 0.3580, Training Accuracy: 0.8468
Checkpoint saved at epoch 39 to DLmodels/checkpoint_gray_39.pth
Epoch [39/100], Validation Loss: 0.4138, Validation Accuracy: 0.8133
Epoch [40/100], Training Loss: 0.3574, Training Accuracy: 0.8471
Checkpoint saved at epoch 40 to DLmodels/checkpoint_gray_40.pth
Epoch [40/100], Validation Loss: 0.4453, Validation Accuracy: 0.8011
Epoch [41/100], Training Loss: 0.3549, Training Accuracy: 0.8484
Checkpoint saved at epoch 41 to DLmodels/checkpoint_gray_41.pth
Epoch [41/100], Validation Loss: 0.4466, Validation Accuracy: 0.7988
Epoch [42/100], Training Loss: 0.3535, Training Accuracy: 0.8493
Checkpoint saved at epoch 42 to DLmodels/checkpoint_gray_42.pth
Epoch [42/100], Validation Loss: 0.4174, Validation Accuracy: 0.8084
Epoch [43/100], Training Loss: 0.3517, Training Accuracy: 0.8500
Checkpoint saved at epoch 43 to DLmodels/checkpoint_gray_43.pth
Epoch [43/100], Validation Loss: 0.4095, Validation Accuracy: 0.8140
Epoch [44/100], Training Loss: 0.3504, Training Accuracy: 0.8510
Checkpoint saved at epoch 44 to DLmodels/checkpoint_gray_44.pth
Epoch [44/100], Validation Loss: 0.4337, Validation Accuracy: 0.8029
Epoch [45/100], Training Loss: 0.3486, Training Accuracy: 0.8515
Checkpoint saved at epoch 45 to DLmodels/checkpoint_gray_45.pth
Epoch [45/100], Validation Loss: 0.4102, Validation Accuracy: 0.8135
Epoch [46/100], Training Loss: 0.3466, Training Accuracy: 0.8526
Checkpoint saved at epoch 46 to DLmodels/checkpoint_gray_46.pth
Epoch [46/100], Validation Loss: 0.4120, Validation Accuracy: 0.8127
Epoch [47/100], Training Loss: 0.3459, Training Accuracy: 0.8533
Checkpoint saved at epoch 47 to DLmodels/checkpoint_gray_47.pth
Epoch [47/100], Validation Loss: 0.4168, Validation Accuracy: 0.8095
Epoch [48/100], Training Loss: 0.3438, Training Accuracy: 0.8546
Checkpoint saved at epoch 48 to DLmodels/checkpoint_gray_48.pth
Epoch [48/100], Validation Loss: 0.4314, Validation Accuracy: 0.8058
Epoch [49/100], Training Loss: 0.3421, Training Accuracy: 0.8553
Checkpoint saved at epoch 49 to DLmodels/checkpoint_gray_49.pth
Epoch [49/100], Validation Loss: 0.4161, Validation Accuracy: 0.8125
Epoch [50/100], Training Loss: 0.3406, Training Accuracy: 0.8560
Checkpoint saved at epoch 50 to DLmodels/checkpoint_gray_50.pth
Epoch [50/100], Validation Loss: 0.4204, Validation Accuracy: 0.8106
Epoch [51/100], Training Loss: 0.3395, Training Accuracy: 0.8568
Checkpoint saved at epoch 51 to DLmodels/checkpoint_gray_51.pth
Epoch [51/100], Validation Loss: 0.4338, Validation Accuracy: 0.8079
Epoch [52/100], Training Loss: 0.3373, Training Accuracy: 0.8579
Checkpoint saved at epoch 52 to DLmodels/checkpoint_gray_52.pth
Epoch [52/100], Validation Loss: 0.4132, Validation Accuracy: 0.8169
Epoch [53/100], Training Loss: 0.3361, Training Accuracy: 0.8575
Checkpoint saved at epoch 53 to DLmodels/checkpoint_gray_53.pth
Epoch [53/100], Validation Loss: 0.4236, Validation Accuracy: 0.8138
Epoch [54/100], Training Loss: 0.3343, Training Accuracy: 0.8593
Checkpoint saved at epoch 54 to DLmodels/checkpoint_gray_54.pth
Epoch [54/100], Validation Loss: 0.4148, Validation Accuracy: 0.8167
Epoch [55/100], Training Loss: 0.3336, Training Accuracy: 0.8595
Checkpoint saved at epoch 55 to DLmodels/checkpoint_gray_55.pth
Epoch [55/100], Validation Loss: 0.4171, Validation Accuracy: 0.8141
Epoch [56/100], Training Loss: 0.3326, Training Accuracy: 0.8602
Checkpoint saved at epoch 56 to DLmodels/checkpoint_gray_56.pth
Epoch [56/100], Validation Loss: 0.4222, Validation Accuracy: 0.8111
Epoch [57/100], Training Loss: 0.3302, Training Accuracy: 0.8614
Checkpoint saved at epoch 57 to DLmodels/checkpoint_gray_57.pth
Epoch [57/100], Validation Loss: 0.4201, Validation Accuracy: 0.8120
Epoch [58/100], Training Loss: 0.3291, Training Accuracy: 0.8621
Checkpoint saved at epoch 58 to DLmodels/checkpoint_gray_58.pth
Epoch [58/100], Validation Loss: 0.4266, Validation Accuracy: 0.8118
Epoch [59/100], Training Loss: 0.3285, Training Accuracy: 0.8622
Checkpoint saved at epoch 59 to DLmodels/checkpoint_gray_59.pth
Epoch [59/100], Validation Loss: 0.4253, Validation Accuracy: 0.8145
Epoch [60/100], Training Loss: 0.3264, Training Accuracy: 0.8632
Checkpoint saved at epoch 60 to DLmodels/checkpoint_gray_60.pth
Epoch [60/100], Validation Loss: 0.4372, Validation Accuracy: 0.8056
Epoch [61/100], Training Loss: 0.3248, Training Accuracy: 0.8635
Checkpoint saved at epoch 61 to DLmodels/checkpoint_gray_61.pth
Epoch [61/100], Validation Loss: 0.4122, Validation Accuracy: 0.8163
Epoch [62/100], Training Loss: 0.3233, Training Accuracy: 0.8654
Checkpoint saved at epoch 62 to DLmodels/checkpoint_gray_62.pth
Epoch [62/100], Validation Loss: 0.4189, Validation Accuracy: 0.8174
Epoch [63/100], Training Loss: 0.3234, Training Accuracy: 0.8646
Checkpoint saved at epoch 63 to DLmodels/checkpoint_gray_63.pth
Epoch [63/100], Validation Loss: 0.4418, Validation Accuracy: 0.8093
Epoch [64/100], Training Loss: 0.3215, Training Accuracy: 0.8658
Checkpoint saved at epoch 64 to DLmodels/checkpoint_gray_64.pth
Epoch [64/100], Validation Loss: 0.4091, Validation Accuracy: 0.8171
Epoch [65/100], Training Loss: 0.3195, Training Accuracy: 0.8665
Checkpoint saved at epoch 65 to DLmodels/checkpoint_gray_65.pth
Epoch [65/100], Validation Loss: 0.4274, Validation Accuracy: 0.8133
Epoch [66/100], Training Loss: 0.3186, Training Accuracy: 0.8674
Checkpoint saved at epoch 66 to DLmodels/checkpoint_gray_66.pth
Epoch [66/100], Validation Loss: 0.4278, Validation Accuracy: 0.8147
Epoch [67/100], Training Loss: 0.3167, Training Accuracy: 0.8682
Checkpoint saved at epoch 67 to DLmodels/checkpoint_gray_67.pth
Epoch [67/100], Validation Loss: 0.4195, Validation Accuracy: 0.8174
Epoch [68/100], Training Loss: 0.3154, Training Accuracy: 0.8695
Checkpoint saved at epoch 68 to DLmodels/checkpoint_gray_68.pth
Epoch [68/100], Validation Loss: 0.4442, Validation Accuracy: 0.8068
Epoch [69/100], Training Loss: 0.3147, Training Accuracy: 0.8695
Checkpoint saved at epoch 69 to DLmodels/checkpoint_gray_69.pth
Epoch [69/100], Validation Loss: 0.4413, Validation Accuracy: 0.8120
Epoch [70/100], Training Loss: 0.3139, Training Accuracy: 0.8701
Checkpoint saved at epoch 70 to DLmodels/checkpoint_gray_70.pth
Epoch [70/100], Validation Loss: 0.4350, Validation Accuracy: 0.8126
Epoch [71/100], Training Loss: 0.3119, Training Accuracy: 0.8708
Checkpoint saved at epoch 71 to DLmodels/checkpoint_gray_71.pth
Epoch [71/100], Validation Loss: 0.4314, Validation Accuracy: 0.8136
Epoch [72/100], Training Loss: 0.3107, Training Accuracy: 0.8715
Checkpoint saved at epoch 72 to DLmodels/checkpoint_gray_72.pth
Epoch [72/100], Validation Loss: 0.4215, Validation Accuracy: 0.8179
Epoch [73/100], Training Loss: 0.3093, Training Accuracy: 0.8726
Checkpoint saved at epoch 73 to DLmodels/checkpoint_gray_73.pth
Epoch [73/100], Validation Loss: 0.4600, Validation Accuracy: 0.8048
Epoch [74/100], Training Loss: 0.3089, Training Accuracy: 0.8726
Checkpoint saved at epoch 74 to DLmodels/checkpoint_gray_74.pth
Epoch [74/100], Validation Loss: 0.4132, Validation Accuracy: 0.8163
Epoch [75/100], Training Loss: 0.3073, Training Accuracy: 0.8734
Checkpoint saved at epoch 75 to DLmodels/checkpoint_gray_75.pth
Epoch [75/100], Validation Loss: 0.4209, Validation Accuracy: 0.8163
Epoch [76/100], Training Loss: 0.3061, Training Accuracy: 0.8741
Checkpoint saved at epoch 76 to DLmodels/checkpoint_gray_76.pth
Epoch [76/100], Validation Loss: 0.4195, Validation Accuracy: 0.8184
Epoch [77/100], Training Loss: 0.3062, Training Accuracy: 0.8742
Checkpoint saved at epoch 77 to DLmodels/checkpoint_gray_77.pth
Epoch [77/100], Validation Loss: 0.4868, Validation Accuracy: 0.7955
Epoch [78/100], Training Loss: 0.3030, Training Accuracy: 0.8753
Checkpoint saved at epoch 78 to DLmodels/checkpoint_gray_78.pth
Epoch [78/100], Validation Loss: 0.4154, Validation Accuracy: 0.8203
Epoch [79/100], Training Loss: 0.3029, Training Accuracy: 0.8750
Checkpoint saved at epoch 79 to DLmodels/checkpoint_gray_79.pth
Epoch [79/100], Validation Loss: 0.4175, Validation Accuracy: 0.8205
Epoch [80/100], Training Loss: 0.3007, Training Accuracy: 0.8763
Checkpoint saved at epoch 80 to DLmodels/checkpoint_gray_80.pth
Epoch [80/100], Validation Loss: 0.4246, Validation Accuracy: 0.8186
Epoch [81/100], Training Loss: 0.2996, Training Accuracy: 0.8772
Checkpoint saved at epoch 81 to DLmodels/checkpoint_gray_81.pth
Epoch [81/100], Validation Loss: 0.4310, Validation Accuracy: 0.8188
Epoch [82/100], Training Loss: 0.2988, Training Accuracy: 0.8774
Checkpoint saved at epoch 82 to DLmodels/checkpoint_gray_82.pth
Epoch [82/100], Validation Loss: 0.4324, Validation Accuracy: 0.8155
Epoch [83/100], Training Loss: 0.2979, Training Accuracy: 0.8783
Checkpoint saved at epoch 83 to DLmodels/checkpoint_gray_83.pth
Epoch [83/100], Validation Loss: 0.4293, Validation Accuracy: 0.8181
Epoch [84/100], Training Loss: 0.2964, Training Accuracy: 0.8786
Checkpoint saved at epoch 84 to DLmodels/checkpoint_gray_84.pth
Epoch [84/100], Validation Loss: 0.4142, Validation Accuracy: 0.8215
Epoch [85/100], Training Loss: 0.2952, Training Accuracy: 0.8796
Checkpoint saved at epoch 85 to DLmodels/checkpoint_gray_85.pth
Epoch [85/100], Validation Loss: 0.4370, Validation Accuracy: 0.8169
Epoch [86/100], Training Loss: 0.2945, Training Accuracy: 0.8799
Checkpoint saved at epoch 86 to DLmodels/checkpoint_gray_86.pth
Epoch [86/100], Validation Loss: 0.4095, Validation Accuracy: 0.8224
Epoch [87/100], Training Loss: 0.2934, Training Accuracy: 0.8800
Checkpoint saved at epoch 87 to DLmodels/checkpoint_gray_87.pth
Epoch [87/100], Validation Loss: 0.4092, Validation Accuracy: 0.8268
Epoch [88/100], Training Loss: 0.2917, Training Accuracy: 0.8805
Checkpoint saved at epoch 88 to DLmodels/checkpoint_gray_88.pth
Epoch [88/100], Validation Loss: 0.4177, Validation Accuracy: 0.8224
Epoch [89/100], Training Loss: 0.2912, Training Accuracy: 0.8807
Checkpoint saved at epoch 89 to DLmodels/checkpoint_gray_89.pth
Epoch [89/100], Validation Loss: 0.4172, Validation Accuracy: 0.8218
Epoch [90/100], Training Loss: 0.2901, Training Accuracy: 0.8821
Checkpoint saved at epoch 90 to DLmodels/checkpoint_gray_90.pth
Epoch [90/100], Validation Loss: 0.4062, Validation Accuracy: 0.8256
Epoch [91/100], Training Loss: 0.2890, Training Accuracy: 0.8825
Checkpoint saved at epoch 91 to DLmodels/checkpoint_gray_91.pth
Epoch [91/100], Validation Loss: 0.4064, Validation Accuracy: 0.8242
Epoch [92/100], Training Loss: 0.2875, Training Accuracy: 0.8830
Checkpoint saved at epoch 92 to DLmodels/checkpoint_gray_92.pth
Epoch [92/100], Validation Loss: 0.4350, Validation Accuracy: 0.8188
Epoch [93/100], Training Loss: 0.2863, Training Accuracy: 0.8830
Checkpoint saved at epoch 93 to DLmodels/checkpoint_gray_93.pth
Epoch [93/100], Validation Loss: 0.4334, Validation Accuracy: 0.8164
Epoch [94/100], Training Loss: 0.2855, Training Accuracy: 0.8841
Checkpoint saved at epoch 94 to DLmodels/checkpoint_gray_94.pth
Epoch [94/100], Validation Loss: 0.4298, Validation Accuracy: 0.8229
Epoch [95/100], Training Loss: 0.2850, Training Accuracy: 0.8843
Checkpoint saved at epoch 95 to DLmodels/checkpoint_gray_95.pth
Epoch [95/100], Validation Loss: 0.4180, Validation Accuracy: 0.8227
Epoch [96/100], Training Loss: 0.2828, Training Accuracy: 0.8854
Checkpoint saved at epoch 96 to DLmodels/checkpoint_gray_96.pth
Epoch [96/100], Validation Loss: 0.4178, Validation Accuracy: 0.8194
Epoch [97/100], Training Loss: 0.2830, Training Accuracy: 0.8849
Checkpoint saved at epoch 97 to DLmodels/checkpoint_gray_97.pth
Epoch [97/100], Validation Loss: 0.4461, Validation Accuracy: 0.8169
Epoch [98/100], Training Loss: 0.2812, Training Accuracy: 0.8856
Checkpoint saved at epoch 98 to DLmodels/checkpoint_gray_98.pth
Epoch [98/100], Validation Loss: 0.4383, Validation Accuracy: 0.8163
Epoch [99/100], Training Loss: 0.2799, Training Accuracy: 0.8866
Checkpoint saved at epoch 99 to DLmodels/checkpoint_gray_99.pth
Epoch [99/100], Validation Loss: 0.4352, Validation Accuracy: 0.8218
Epoch [100/100], Training Loss: 0.2787, Training Accuracy: 0.8871
Checkpoint saved at epoch 100 to DLmodels/checkpoint_gray_100.pth
Epoch [100/100], Validation Loss: 0.4491, Validation Accuracy: 0.8142
Training complete.
Model TRAIN done
Execution time: 14669.35 seconds
     epoch      loss  accuracy  val_loss  val_accuracy
0        0  0.688839  0.536926  0.689617      0.529022
1        1  0.488309  0.774612  0.482929      0.756866
2        2  0.462731  0.789009  0.474969      0.762756
3        3  0.454621  0.792213  0.460761      0.773407
4        4  0.449022  0.794357  0.455004      0.778442
..     ...       ...       ...       ...           ...
96      96  0.282828  0.885445  0.417785      0.819366
97      97  0.282970  0.884892  0.446054      0.816895
98      98  0.281179  0.885578  0.438279      0.816345
99      99  0.279898  0.886562  0.435155      0.821838
100    100  0.278732  0.887108  0.449128      0.814178

[101 rows x 5 columns]
MAX acc :  87
Checkpoint to read  DLmodels/checkpoint_gray_87.pth
Weights were copied
WILL READ TEST DATA
Test Loss: 0.4195, Test Accuracy: 0.80939%
