TORCH DEVICE cuda
N CPUS 72
CWD : /tmpdir/delatorr/dev/PCAM
Metrics file: cnn_metrics_rgbhsvhed.csv
WILL READ VAL DATA
WILL READ TRAIN DATA
TRAIN DATASET SIZE : 262144
VAL DATASET SIZE : 32768
normalization mean: [0.7007562518119812, 0.5383579134941101, 0.6916193962097168, 0.7997589707374573, 0.3150528371334076, 0.729602038860321, 0.7623118162155151, 0.832955539226532, 0.8569552302360535] | std: [0.23462001979351044, 0.27689605951309204, 0.21255312860012054, 0.19391465187072754, 0.2229798436164856, 0.21206346154212952, 0.21757416427135468, 0.14344732463359833, 0.12430156022310257]
Model TRAIN begin ...
Epoch [0/100], Training Loss: 0.6951, Training Accuracy: 0.4540
Epoch [0/100], Validation Loss: 0.6952, Validation Accuracy: 0.4572
Epoch [1/100], Training Loss: 0.4848, Training Accuracy: 0.7741
Checkpoint saved at epoch 1 to DLmodels/checkpoint_rgbhsvhed_1.pth
Epoch [1/100], Validation Loss: 0.4618, Validation Accuracy: 0.7780
Epoch [2/100], Training Loss: 0.4175, Training Accuracy: 0.8114
Checkpoint saved at epoch 2 to DLmodels/checkpoint_rgbhsvhed_2.pth
Epoch [2/100], Validation Loss: 0.4508, Validation Accuracy: 0.7813
Epoch [3/100], Training Loss: 0.4020, Training Accuracy: 0.8189
Checkpoint saved at epoch 3 to DLmodels/checkpoint_rgbhsvhed_3.pth
Epoch [3/100], Validation Loss: 0.4377, Validation Accuracy: 0.7873
Epoch [4/100], Training Loss: 0.3917, Training Accuracy: 0.8250
Checkpoint saved at epoch 4 to DLmodels/checkpoint_rgbhsvhed_4.pth
Epoch [4/100], Validation Loss: 0.4313, Validation Accuracy: 0.7971
Epoch [5/100], Training Loss: 0.3836, Training Accuracy: 0.8297
Checkpoint saved at epoch 5 to DLmodels/checkpoint_rgbhsvhed_5.pth
Epoch [5/100], Validation Loss: 0.4306, Validation Accuracy: 0.7927
Epoch [6/100], Training Loss: 0.3755, Training Accuracy: 0.8342
Checkpoint saved at epoch 6 to DLmodels/checkpoint_rgbhsvhed_6.pth
Epoch [6/100], Validation Loss: 0.4195, Validation Accuracy: 0.8040
Epoch [7/100], Training Loss: 0.3690, Training Accuracy: 0.8380
Checkpoint saved at epoch 7 to DLmodels/checkpoint_rgbhsvhed_7.pth
Epoch [7/100], Validation Loss: 0.4482, Validation Accuracy: 0.7816
Epoch [8/100], Training Loss: 0.3630, Training Accuracy: 0.8416
Checkpoint saved at epoch 8 to DLmodels/checkpoint_rgbhsvhed_8.pth
Epoch [8/100], Validation Loss: 0.4287, Validation Accuracy: 0.7969
Epoch [9/100], Training Loss: 0.3574, Training Accuracy: 0.8448
Checkpoint saved at epoch 9 to DLmodels/checkpoint_rgbhsvhed_9.pth
Epoch [9/100], Validation Loss: 0.4060, Validation Accuracy: 0.8105
Epoch [10/100], Training Loss: 0.3522, Training Accuracy: 0.8484
Checkpoint saved at epoch 10 to DLmodels/checkpoint_rgbhsvhed_10.pth
Epoch [10/100], Validation Loss: 0.4101, Validation Accuracy: 0.8074
Epoch [11/100], Training Loss: 0.3477, Training Accuracy: 0.8508
Checkpoint saved at epoch 11 to DLmodels/checkpoint_rgbhsvhed_11.pth
Epoch [11/100], Validation Loss: 0.4033, Validation Accuracy: 0.8122
Epoch [12/100], Training Loss: 0.3432, Training Accuracy: 0.8535
Checkpoint saved at epoch 12 to DLmodels/checkpoint_rgbhsvhed_12.pth
Epoch [12/100], Validation Loss: 0.4383, Validation Accuracy: 0.7912
Epoch [13/100], Training Loss: 0.3382, Training Accuracy: 0.8557
Checkpoint saved at epoch 13 to DLmodels/checkpoint_rgbhsvhed_13.pth
Epoch [13/100], Validation Loss: 0.4167, Validation Accuracy: 0.8065
Epoch [14/100], Training Loss: 0.3348, Training Accuracy: 0.8580
Checkpoint saved at epoch 14 to DLmodels/checkpoint_rgbhsvhed_14.pth
Epoch [14/100], Validation Loss: 0.4105, Validation Accuracy: 0.8127
Epoch [15/100], Training Loss: 0.3307, Training Accuracy: 0.8603
Checkpoint saved at epoch 15 to DLmodels/checkpoint_rgbhsvhed_15.pth
Epoch [15/100], Validation Loss: 0.3942, Validation Accuracy: 0.8170
Epoch [16/100], Training Loss: 0.3264, Training Accuracy: 0.8615
Checkpoint saved at epoch 16 to DLmodels/checkpoint_rgbhsvhed_16.pth
Epoch [16/100], Validation Loss: 0.3960, Validation Accuracy: 0.8212
Epoch [17/100], Training Loss: 0.3233, Training Accuracy: 0.8642
Checkpoint saved at epoch 17 to DLmodels/checkpoint_rgbhsvhed_17.pth
Epoch [17/100], Validation Loss: 0.4067, Validation Accuracy: 0.8150
Epoch [18/100], Training Loss: 0.3201, Training Accuracy: 0.8656
Checkpoint saved at epoch 18 to DLmodels/checkpoint_rgbhsvhed_18.pth
Epoch [18/100], Validation Loss: 0.3966, Validation Accuracy: 0.8249
Epoch [19/100], Training Loss: 0.3170, Training Accuracy: 0.8666
Checkpoint saved at epoch 19 to DLmodels/checkpoint_rgbhsvhed_19.pth
Epoch [19/100], Validation Loss: 0.3952, Validation Accuracy: 0.8195
Epoch [20/100], Training Loss: 0.3136, Training Accuracy: 0.8691
Checkpoint saved at epoch 20 to DLmodels/checkpoint_rgbhsvhed_20.pth
Epoch [20/100], Validation Loss: 0.4059, Validation Accuracy: 0.8140
Epoch [21/100], Training Loss: 0.3104, Training Accuracy: 0.8700
Checkpoint saved at epoch 21 to DLmodels/checkpoint_rgbhsvhed_21.pth
Epoch [21/100], Validation Loss: 0.3849, Validation Accuracy: 0.8264
Epoch [22/100], Training Loss: 0.3071, Training Accuracy: 0.8719
Checkpoint saved at epoch 22 to DLmodels/checkpoint_rgbhsvhed_22.pth
Epoch [22/100], Validation Loss: 0.3819, Validation Accuracy: 0.8293
Epoch [23/100], Training Loss: 0.3047, Training Accuracy: 0.8733
Checkpoint saved at epoch 23 to DLmodels/checkpoint_rgbhsvhed_23.pth
Epoch [23/100], Validation Loss: 0.3794, Validation Accuracy: 0.8342
Epoch [24/100], Training Loss: 0.3018, Training Accuracy: 0.8743
Checkpoint saved at epoch 24 to DLmodels/checkpoint_rgbhsvhed_24.pth
Epoch [24/100], Validation Loss: 0.3762, Validation Accuracy: 0.8363
Epoch [25/100], Training Loss: 0.2992, Training Accuracy: 0.8754
Checkpoint saved at epoch 25 to DLmodels/checkpoint_rgbhsvhed_25.pth
Epoch [25/100], Validation Loss: 0.3819, Validation Accuracy: 0.8379
Epoch [26/100], Training Loss: 0.2964, Training Accuracy: 0.8770
Checkpoint saved at epoch 26 to DLmodels/checkpoint_rgbhsvhed_26.pth
Epoch [26/100], Validation Loss: 0.3784, Validation Accuracy: 0.8336
Epoch [27/100], Training Loss: 0.2946, Training Accuracy: 0.8787
Checkpoint saved at epoch 27 to DLmodels/checkpoint_rgbhsvhed_27.pth
Epoch [27/100], Validation Loss: 0.3733, Validation Accuracy: 0.8369
Epoch [28/100], Training Loss: 0.2918, Training Accuracy: 0.8794
Checkpoint saved at epoch 28 to DLmodels/checkpoint_rgbhsvhed_28.pth
Epoch [28/100], Validation Loss: 0.3701, Validation Accuracy: 0.8384
Epoch [29/100], Training Loss: 0.2901, Training Accuracy: 0.8798
Checkpoint saved at epoch 29 to DLmodels/checkpoint_rgbhsvhed_29.pth
Epoch [29/100], Validation Loss: 0.3921, Validation Accuracy: 0.8260
Epoch [30/100], Training Loss: 0.2875, Training Accuracy: 0.8817
Checkpoint saved at epoch 30 to DLmodels/checkpoint_rgbhsvhed_30.pth
Epoch [30/100], Validation Loss: 0.3735, Validation Accuracy: 0.8391
Epoch [31/100], Training Loss: 0.2863, Training Accuracy: 0.8830
Checkpoint saved at epoch 31 to DLmodels/checkpoint_rgbhsvhed_31.pth
Epoch [31/100], Validation Loss: 0.4198, Validation Accuracy: 0.8200
Epoch [32/100], Training Loss: 0.2839, Training Accuracy: 0.8837
Checkpoint saved at epoch 32 to DLmodels/checkpoint_rgbhsvhed_32.pth
Epoch [32/100], Validation Loss: 0.3759, Validation Accuracy: 0.8388
Epoch [33/100], Training Loss: 0.2813, Training Accuracy: 0.8848
Checkpoint saved at epoch 33 to DLmodels/checkpoint_rgbhsvhed_33.pth
Epoch [33/100], Validation Loss: 0.3844, Validation Accuracy: 0.8326
Epoch [34/100], Training Loss: 0.2795, Training Accuracy: 0.8851
Checkpoint saved at epoch 34 to DLmodels/checkpoint_rgbhsvhed_34.pth
Epoch [34/100], Validation Loss: 0.3807, Validation Accuracy: 0.8360
Epoch [35/100], Training Loss: 0.2775, Training Accuracy: 0.8865
Checkpoint saved at epoch 35 to DLmodels/checkpoint_rgbhsvhed_35.pth
Epoch [35/100], Validation Loss: 0.3822, Validation Accuracy: 0.8326
Epoch [36/100], Training Loss: 0.2758, Training Accuracy: 0.8874
Checkpoint saved at epoch 36 to DLmodels/checkpoint_rgbhsvhed_36.pth
Epoch [36/100], Validation Loss: 0.3782, Validation Accuracy: 0.8417
Epoch [37/100], Training Loss: 0.2741, Training Accuracy: 0.8889
Checkpoint saved at epoch 37 to DLmodels/checkpoint_rgbhsvhed_37.pth
Epoch [37/100], Validation Loss: 0.3837, Validation Accuracy: 0.8395
Epoch [38/100], Training Loss: 0.2724, Training Accuracy: 0.8888
Checkpoint saved at epoch 38 to DLmodels/checkpoint_rgbhsvhed_38.pth
Epoch [38/100], Validation Loss: 0.3831, Validation Accuracy: 0.8394
Epoch [39/100], Training Loss: 0.2705, Training Accuracy: 0.8895
Checkpoint saved at epoch 39 to DLmodels/checkpoint_rgbhsvhed_39.pth
Epoch [39/100], Validation Loss: 0.4029, Validation Accuracy: 0.8256
Epoch [40/100], Training Loss: 0.2690, Training Accuracy: 0.8907
Checkpoint saved at epoch 40 to DLmodels/checkpoint_rgbhsvhed_40.pth
Epoch [40/100], Validation Loss: 0.3785, Validation Accuracy: 0.8404
Epoch [41/100], Training Loss: 0.2665, Training Accuracy: 0.8917
Checkpoint saved at epoch 41 to DLmodels/checkpoint_rgbhsvhed_41.pth
Epoch [41/100], Validation Loss: 0.3865, Validation Accuracy: 0.8344
Epoch [42/100], Training Loss: 0.2656, Training Accuracy: 0.8922
Checkpoint saved at epoch 42 to DLmodels/checkpoint_rgbhsvhed_42.pth
Epoch [42/100], Validation Loss: 0.3681, Validation Accuracy: 0.8411
Epoch [43/100], Training Loss: 0.2637, Training Accuracy: 0.8934
Checkpoint saved at epoch 43 to DLmodels/checkpoint_rgbhsvhed_43.pth
Epoch [43/100], Validation Loss: 0.3705, Validation Accuracy: 0.8453
Epoch [44/100], Training Loss: 0.2620, Training Accuracy: 0.8943
Checkpoint saved at epoch 44 to DLmodels/checkpoint_rgbhsvhed_44.pth
Epoch [44/100], Validation Loss: 0.4213, Validation Accuracy: 0.8243
Epoch [45/100], Training Loss: 0.2606, Training Accuracy: 0.8949
Checkpoint saved at epoch 45 to DLmodels/checkpoint_rgbhsvhed_45.pth
Epoch [45/100], Validation Loss: 0.4164, Validation Accuracy: 0.8277
Epoch [46/100], Training Loss: 0.2592, Training Accuracy: 0.8955
Checkpoint saved at epoch 46 to DLmodels/checkpoint_rgbhsvhed_46.pth
Epoch [46/100], Validation Loss: 0.4364, Validation Accuracy: 0.8228
Epoch [47/100], Training Loss: 0.2579, Training Accuracy: 0.8961
Checkpoint saved at epoch 47 to DLmodels/checkpoint_rgbhsvhed_47.pth
Epoch [47/100], Validation Loss: 0.3878, Validation Accuracy: 0.8371
Epoch [48/100], Training Loss: 0.2563, Training Accuracy: 0.8965
Checkpoint saved at epoch 48 to DLmodels/checkpoint_rgbhsvhed_48.pth
Epoch [48/100], Validation Loss: 0.3774, Validation Accuracy: 0.8451
Epoch [49/100], Training Loss: 0.2544, Training Accuracy: 0.8976
Checkpoint saved at epoch 49 to DLmodels/checkpoint_rgbhsvhed_49.pth
Epoch [49/100], Validation Loss: 0.3790, Validation Accuracy: 0.8418
Epoch [50/100], Training Loss: 0.2527, Training Accuracy: 0.8982
Checkpoint saved at epoch 50 to DLmodels/checkpoint_rgbhsvhed_50.pth
Epoch [50/100], Validation Loss: 0.3964, Validation Accuracy: 0.8340
Epoch [51/100], Training Loss: 0.2521, Training Accuracy: 0.8988
Checkpoint saved at epoch 51 to DLmodels/checkpoint_rgbhsvhed_51.pth
Epoch [51/100], Validation Loss: 0.3990, Validation Accuracy: 0.8376
Epoch [52/100], Training Loss: 0.2505, Training Accuracy: 0.8995
Checkpoint saved at epoch 52 to DLmodels/checkpoint_rgbhsvhed_52.pth
Epoch [52/100], Validation Loss: 0.3882, Validation Accuracy: 0.8382
Epoch [53/100], Training Loss: 0.2489, Training Accuracy: 0.9007
Checkpoint saved at epoch 53 to DLmodels/checkpoint_rgbhsvhed_53.pth
Epoch [53/100], Validation Loss: 0.4091, Validation Accuracy: 0.8369
Epoch [54/100], Training Loss: 0.2481, Training Accuracy: 0.9015
Checkpoint saved at epoch 54 to DLmodels/checkpoint_rgbhsvhed_54.pth
Epoch [54/100], Validation Loss: 0.3905, Validation Accuracy: 0.8406
Epoch [55/100], Training Loss: 0.2459, Training Accuracy: 0.9017
Checkpoint saved at epoch 55 to DLmodels/checkpoint_rgbhsvhed_55.pth
Epoch [55/100], Validation Loss: 0.4022, Validation Accuracy: 0.8345
Epoch [56/100], Training Loss: 0.2448, Training Accuracy: 0.9025
Checkpoint saved at epoch 56 to DLmodels/checkpoint_rgbhsvhed_56.pth
Epoch [56/100], Validation Loss: 0.4051, Validation Accuracy: 0.8367
Epoch [57/100], Training Loss: 0.2435, Training Accuracy: 0.9024
Checkpoint saved at epoch 57 to DLmodels/checkpoint_rgbhsvhed_57.pth
Epoch [57/100], Validation Loss: 0.3932, Validation Accuracy: 0.8365
Epoch [58/100], Training Loss: 0.2424, Training Accuracy: 0.9036
Checkpoint saved at epoch 58 to DLmodels/checkpoint_rgbhsvhed_58.pth
Epoch [58/100], Validation Loss: 0.3930, Validation Accuracy: 0.8391
Epoch [59/100], Training Loss: 0.2403, Training Accuracy: 0.9048
Checkpoint saved at epoch 59 to DLmodels/checkpoint_rgbhsvhed_59.pth
Epoch [59/100], Validation Loss: 0.4198, Validation Accuracy: 0.8316
Epoch [60/100], Training Loss: 0.2396, Training Accuracy: 0.9046
Checkpoint saved at epoch 60 to DLmodels/checkpoint_rgbhsvhed_60.pth
Epoch [60/100], Validation Loss: 0.4334, Validation Accuracy: 0.8307
Epoch [61/100], Training Loss: 0.2390, Training Accuracy: 0.9053
Checkpoint saved at epoch 61 to DLmodels/checkpoint_rgbhsvhed_61.pth
Epoch [61/100], Validation Loss: 0.4131, Validation Accuracy: 0.8353
Epoch [62/100], Training Loss: 0.2371, Training Accuracy: 0.9057
Checkpoint saved at epoch 62 to DLmodels/checkpoint_rgbhsvhed_62.pth
Epoch [62/100], Validation Loss: 0.3984, Validation Accuracy: 0.8408
Epoch [63/100], Training Loss: 0.2359, Training Accuracy: 0.9064
Checkpoint saved at epoch 63 to DLmodels/checkpoint_rgbhsvhed_63.pth
Epoch [63/100], Validation Loss: 0.4211, Validation Accuracy: 0.8353
Epoch [64/100], Training Loss: 0.2353, Training Accuracy: 0.9069
Checkpoint saved at epoch 64 to DLmodels/checkpoint_rgbhsvhed_64.pth
Epoch [64/100], Validation Loss: 0.3911, Validation Accuracy: 0.8421
Epoch [65/100], Training Loss: 0.2343, Training Accuracy: 0.9075
Checkpoint saved at epoch 65 to DLmodels/checkpoint_rgbhsvhed_65.pth
Epoch [65/100], Validation Loss: 0.3987, Validation Accuracy: 0.8373
Epoch [66/100], Training Loss: 0.2332, Training Accuracy: 0.9081
Checkpoint saved at epoch 66 to DLmodels/checkpoint_rgbhsvhed_66.pth
Epoch [66/100], Validation Loss: 0.3930, Validation Accuracy: 0.8449
Epoch [67/100], Training Loss: 0.2308, Training Accuracy: 0.9091
Checkpoint saved at epoch 67 to DLmodels/checkpoint_rgbhsvhed_67.pth
Epoch [67/100], Validation Loss: 0.4176, Validation Accuracy: 0.8319
Epoch [68/100], Training Loss: 0.2289, Training Accuracy: 0.9097
Checkpoint saved at epoch 68 to DLmodels/checkpoint_rgbhsvhed_68.pth
Epoch [68/100], Validation Loss: 0.4218, Validation Accuracy: 0.8304
Epoch [69/100], Training Loss: 0.2286, Training Accuracy: 0.9100
Checkpoint saved at epoch 69 to DLmodels/checkpoint_rgbhsvhed_69.pth
Epoch [69/100], Validation Loss: 0.4055, Validation Accuracy: 0.8402
Epoch [70/100], Training Loss: 0.2278, Training Accuracy: 0.9103
Checkpoint saved at epoch 70 to DLmodels/checkpoint_rgbhsvhed_70.pth
Epoch [70/100], Validation Loss: 0.3954, Validation Accuracy: 0.8386
Epoch [71/100], Training Loss: 0.2257, Training Accuracy: 0.9114
Checkpoint saved at epoch 71 to DLmodels/checkpoint_rgbhsvhed_71.pth
Epoch [71/100], Validation Loss: 0.4298, Validation Accuracy: 0.8253
Epoch [72/100], Training Loss: 0.2247, Training Accuracy: 0.9116
Checkpoint saved at epoch 72 to DLmodels/checkpoint_rgbhsvhed_72.pth
Epoch [72/100], Validation Loss: 0.4258, Validation Accuracy: 0.8342
Epoch [73/100], Training Loss: 0.2241, Training Accuracy: 0.9118
Checkpoint saved at epoch 73 to DLmodels/checkpoint_rgbhsvhed_73.pth
Epoch [73/100], Validation Loss: 0.4486, Validation Accuracy: 0.8291
Epoch [74/100], Training Loss: 0.2238, Training Accuracy: 0.9120
Checkpoint saved at epoch 74 to DLmodels/checkpoint_rgbhsvhed_74.pth
Epoch [74/100], Validation Loss: 0.4635, Validation Accuracy: 0.8205
Epoch [75/100], Training Loss: 0.2219, Training Accuracy: 0.9132
Checkpoint saved at epoch 75 to DLmodels/checkpoint_rgbhsvhed_75.pth
Epoch [75/100], Validation Loss: 0.4390, Validation Accuracy: 0.8282
Epoch [76/100], Training Loss: 0.2208, Training Accuracy: 0.9133
Checkpoint saved at epoch 76 to DLmodels/checkpoint_rgbhsvhed_76.pth
Epoch [76/100], Validation Loss: 0.4071, Validation Accuracy: 0.8425
Epoch [77/100], Training Loss: 0.2192, Training Accuracy: 0.9137
Checkpoint saved at epoch 77 to DLmodels/checkpoint_rgbhsvhed_77.pth
Epoch [77/100], Validation Loss: 0.4568, Validation Accuracy: 0.8155
Epoch [78/100], Training Loss: 0.2192, Training Accuracy: 0.9140
Checkpoint saved at epoch 78 to DLmodels/checkpoint_rgbhsvhed_78.pth
Epoch [78/100], Validation Loss: 0.4149, Validation Accuracy: 0.8354
Epoch [79/100], Training Loss: 0.2171, Training Accuracy: 0.9148
Checkpoint saved at epoch 79 to DLmodels/checkpoint_rgbhsvhed_79.pth
Epoch [79/100], Validation Loss: 0.4072, Validation Accuracy: 0.8345
Epoch [80/100], Training Loss: 0.2161, Training Accuracy: 0.9155
Checkpoint saved at epoch 80 to DLmodels/checkpoint_rgbhsvhed_80.pth
Epoch [80/100], Validation Loss: 0.3964, Validation Accuracy: 0.8437
Epoch [81/100], Training Loss: 0.2153, Training Accuracy: 0.9160
Checkpoint saved at epoch 81 to DLmodels/checkpoint_rgbhsvhed_81.pth
Epoch [81/100], Validation Loss: 0.4574, Validation Accuracy: 0.8286
Epoch [82/100], Training Loss: 0.2133, Training Accuracy: 0.9164
Checkpoint saved at epoch 82 to DLmodels/checkpoint_rgbhsvhed_82.pth
Epoch [82/100], Validation Loss: 0.4319, Validation Accuracy: 0.8264
Epoch [83/100], Training Loss: 0.2127, Training Accuracy: 0.9171
Checkpoint saved at epoch 83 to DLmodels/checkpoint_rgbhsvhed_83.pth
Epoch [83/100], Validation Loss: 0.4114, Validation Accuracy: 0.8378
Epoch [84/100], Training Loss: 0.2115, Training Accuracy: 0.9175
Checkpoint saved at epoch 84 to DLmodels/checkpoint_rgbhsvhed_84.pth
Epoch [84/100], Validation Loss: 0.4486, Validation Accuracy: 0.8307
Epoch [85/100], Training Loss: 0.2106, Training Accuracy: 0.9176
Checkpoint saved at epoch 85 to DLmodels/checkpoint_rgbhsvhed_85.pth
Epoch [85/100], Validation Loss: 0.4610, Validation Accuracy: 0.8281
Epoch [86/100], Training Loss: 0.2097, Training Accuracy: 0.9186
Checkpoint saved at epoch 86 to DLmodels/checkpoint_rgbhsvhed_86.pth
Epoch [86/100], Validation Loss: 0.3874, Validation Accuracy: 0.8439
Epoch [87/100], Training Loss: 0.2086, Training Accuracy: 0.9193
Checkpoint saved at epoch 87 to DLmodels/checkpoint_rgbhsvhed_87.pth
Epoch [87/100], Validation Loss: 0.4190, Validation Accuracy: 0.8399
Epoch [88/100], Training Loss: 0.2077, Training Accuracy: 0.9194
Checkpoint saved at epoch 88 to DLmodels/checkpoint_rgbhsvhed_88.pth
Epoch [88/100], Validation Loss: 0.4318, Validation Accuracy: 0.8339
Epoch [89/100], Training Loss: 0.2072, Training Accuracy: 0.9196
Checkpoint saved at epoch 89 to DLmodels/checkpoint_rgbhsvhed_89.pth
Epoch [89/100], Validation Loss: 0.4306, Validation Accuracy: 0.8339
Epoch [90/100], Training Loss: 0.2059, Training Accuracy: 0.9199
Checkpoint saved at epoch 90 to DLmodels/checkpoint_rgbhsvhed_90.pth
Epoch [90/100], Validation Loss: 0.4325, Validation Accuracy: 0.8342
Epoch [91/100], Training Loss: 0.2046, Training Accuracy: 0.9209
Checkpoint saved at epoch 91 to DLmodels/checkpoint_rgbhsvhed_91.pth
Epoch [91/100], Validation Loss: 0.4138, Validation Accuracy: 0.8413
Epoch [92/100], Training Loss: 0.2039, Training Accuracy: 0.9210
Checkpoint saved at epoch 92 to DLmodels/checkpoint_rgbhsvhed_92.pth
Epoch [92/100], Validation Loss: 0.4532, Validation Accuracy: 0.8300
Epoch [93/100], Training Loss: 0.2029, Training Accuracy: 0.9213
Checkpoint saved at epoch 93 to DLmodels/checkpoint_rgbhsvhed_93.pth
Epoch [93/100], Validation Loss: 0.4030, Validation Accuracy: 0.8440
Epoch [94/100], Training Loss: 0.2024, Training Accuracy: 0.9210
Checkpoint saved at epoch 94 to DLmodels/checkpoint_rgbhsvhed_94.pth
Epoch [94/100], Validation Loss: 0.4115, Validation Accuracy: 0.8392
Epoch [95/100], Training Loss: 0.2015, Training Accuracy: 0.9221
Checkpoint saved at epoch 95 to DLmodels/checkpoint_rgbhsvhed_95.pth
Epoch [95/100], Validation Loss: 0.4423, Validation Accuracy: 0.8237
Epoch [96/100], Training Loss: 0.1999, Training Accuracy: 0.9230
Checkpoint saved at epoch 96 to DLmodels/checkpoint_rgbhsvhed_96.pth
Epoch [96/100], Validation Loss: 0.4146, Validation Accuracy: 0.8401
Epoch [97/100], Training Loss: 0.1995, Training Accuracy: 0.9231
Checkpoint saved at epoch 97 to DLmodels/checkpoint_rgbhsvhed_97.pth
Epoch [97/100], Validation Loss: 0.4425, Validation Accuracy: 0.8309
Epoch [98/100], Training Loss: 0.1979, Training Accuracy: 0.9240
Checkpoint saved at epoch 98 to DLmodels/checkpoint_rgbhsvhed_98.pth
Epoch [98/100], Validation Loss: 0.4037, Validation Accuracy: 0.8398
Epoch [99/100], Training Loss: 0.1970, Training Accuracy: 0.9235
Checkpoint saved at epoch 99 to DLmodels/checkpoint_rgbhsvhed_99.pth
Epoch [99/100], Validation Loss: 0.4744, Validation Accuracy: 0.8250
Epoch [100/100], Training Loss: 0.1963, Training Accuracy: 0.9239
Checkpoint saved at epoch 100 to DLmodels/checkpoint_rgbhsvhed_100.pth
Epoch [100/100], Validation Loss: 0.4531, Validation Accuracy: 0.8345
Training complete.
Model TRAIN done
Execution time: 50766.21 seconds
     epoch      loss  accuracy  val_loss  val_accuracy
0        0  0.695122  0.454018  0.695164      0.457153
1        1  0.484833  0.774128  0.461764      0.777985
2        2  0.417497  0.811378  0.450789      0.781311
3        3  0.401958  0.818893  0.437726      0.787262
4        4  0.391750  0.825035  0.431281      0.797119
..     ...       ...       ...       ...           ...
96      96  0.199888  0.922997  0.414640      0.840149
97      97  0.199535  0.923115  0.442456      0.830933
98      98  0.197930  0.924038  0.403702      0.839783
99      99  0.196983  0.923492  0.474420      0.824982
100    100  0.196309  0.923935  0.453076      0.834503

[101 rows x 5 columns]
MAX acc :  43
Checkpoint to read  DLmodels/checkpoint_rgbhsvhed_43.pth
Weights were copied
WILL READ TEST DATA
################################### ERROR ##########################################

This job (1499832) has triggered an OutOfMemory error (cgroup).

Please avoid making Out of Memory error by setting some controls :

#SBATCH --mem=170G          # Set a memory limit
#SBATCH --acctg-freq=task=1 # Set a memory check frequency in second (60s by default)

Please also consider node depopulate : https://www.calmip.univ-toulouse.fr/node/1041

#####################################################################################
